# JRE version: OpenJDK Runtime Environment (17.0.7) (build 17.0.7+0-b2043.56-10550314)
# Java VM: OpenJDK 64-Bit Server VM (17.0.7+0-b2043.56-10550314, mixed mode, tiered, compressed oops, compressed class ptrs, g1 gc, windows-amd64)
GC Precious Log:
 CPUs: 8 total, 8 available
 Memory: 16219M
 Large Page Support: Disabled
 NUMA Support: Disabled
 Compressed Oops: Enabled (32-bit)
 Heap Region Size: 1M
 Heap Min Capacity: 8M
 Heap Initial Capacity: 254M
 Heap Max Capacity: 2G
 Pre-touch: Disabled
 Parallel Workers: 8
 Concurrent Workers: 2
 Concurrent Refinement Workers: 8
 Periodic GC: Disabled
Heap:
 garbage-first heap   total 290816K, used 240346K [0x0000000080000000, 0x0000000100000000)
  region size 1024K, 42 young (43008K), 7 survivors (7168K)
 Metaspace       used 128217K, committed 129088K, reserved 1179648K
  class space    used 17398K, committed 17856K, reserved 1048576K
GC Heap History (20 events):
Event: 31.171 GC heap before
{Heap before GC invocations=46 (full 0):
 garbage-first heap   total 290816K, used 232448K [0x0000000080000000, 0x0000000100000000)
  region size 1024K, 87 young (89088K), 10 survivors (10240K)
 Metaspace       used 112332K, committed 113088K, reserved 1179648K
  class space    used 15062K, committed 15424K, reserved 1048576K
}
Event: 31.178 GC heap after
{Heap after GC invocations=47 (full 0):
 garbage-first heap   total 290816K, used 154896K [0x0000000080000000, 0x0000000100000000)
  region size 1024K, 5 young (5120K), 5 survivors (5120K)
 Metaspace       used 112332K, committed 113088K, reserved 1179648K
  class space    used 15062K, committed 15424K, reserved 1048576K
}
Event: 32.113 GC heap before
{Heap before GC invocations=47 (full 0):
 garbage-first heap   total 290816K, used 236816K [0x0000000080000000, 0x0000000100000000)
  region size 1024K, 84 young (86016K), 5 survivors (5120K)
 Metaspace       used 113601K, committed 114432K, reserved 1179648K
  class space    used 15169K, committed 15552K, reserved 1048576K
}
Event: 32.121 GC heap after
{Heap after GC invocations=48 (full 0):
 garbage-first heap   total 290816K, used 157593K [0x0000000080000000, 0x0000000100000000)
  region size 1024K, 8 young (8192K), 8 survivors (8192K)
 Metaspace       used 113601K, committed 114432K, reserved 1179648K
  class space    used 15169K, committed 15552K, reserved 1048576K
}
Event: 33.577 GC heap before
{Heap before GC invocations=48 (full 0):
 garbage-first heap   total 290816K, used 237465K [0x0000000080000000, 0x0000000100000000)
  region size 1024K, 87 young (89088K), 8 survivors (8192K)
 Metaspace       used 115392K, committed 116160K, reserved 1179648K
  class space    used 15364K, committed 15744K, reserved 1048576K
}
Event: 33.588 GC heap after
{Heap after GC invocations=49 (full 0):
 garbage-first heap   total 290816K, used 163923K [0x0000000080000000, 0x0000000100000000)
  region size 1024K, 11 young (11264K), 11 survivors (11264K)
 Metaspace       used 115392K, committed 116160K, reserved 1179648K
  class space    used 15364K, committed 15744K, reserved 1048576K
}
Event: 34.359 GC heap before
{Heap before GC invocations=49 (full 0):
 garbage-first heap   total 290816K, used 238675K [0x0000000080000000, 0x0000000100000000)
  region size 1024K, 85 young (87040K), 11 survivors (11264K)
 Metaspace       used 116821K, committed 117696K, reserved 1179648K
  class space    used 15537K, committed 16000K, reserved 1048576K
}
Event: 34.370 GC heap after
{Heap after GC invocations=50 (full 0):
 garbage-first heap   total 290816K, used 166361K [0x0000000080000000, 0x0000000100000000)
  region size 1024K, 4 young (4096K), 4 survivors (4096K)
 Metaspace       used 116821K, committed 117696K, reserved 1179648K
  class space    used 15537K, committed 16000K, reserved 1048576K
}
Event: 34.736 GC heap before
{Heap before GC invocations=50 (full 0):
 garbage-first heap   total 290816K, used 241113K [0x0000000080000000, 0x0000000100000000)
  region size 1024K, 78 young (79872K), 4 survivors (4096K)
 Metaspace       used 116867K, committed 117760K, reserved 1179648K
  class space    used 15540K, committed 16000K, reserved 1048576K
}
Event: 34.741 GC heap after
{Heap after GC invocations=51 (full 0):
 garbage-first heap   total 290816K, used 166204K [0x0000000080000000, 0x0000000100000000)
  region size 1024K, 4 young (4096K), 4 survivors (4096K)
 Metaspace       used 116867K, committed 117760K, reserved 1179648K
  class space    used 15540K, committed 16000K, reserved 1048576K
}
Event: 35.594 GC heap before
{Heap before GC invocations=51 (full 0):
 garbage-first heap   total 290816K, used 244028K [0x0000000080000000, 0x0000000100000000)
  region size 1024K, 81 young (82944K), 4 survivors (4096K)
 Metaspace       used 117723K, committed 118592K, reserved 1179648K
  class space    used 15678K, committed 16128K, reserved 1048576K
}
Event: 35.600 GC heap after
{Heap after GC invocations=52 (full 0):
 garbage-first heap   total 290816K, used 169236K [0x0000000080000000, 0x0000000100000000)
  region size 1024K, 7 young (7168K), 7 survivors (7168K)
 Metaspace       used 117723K, committed 118592K, reserved 1179648K
  class space    used 15678K, committed 16128K, reserved 1048576K
}
Event: 36.316 GC heap before
{Heap before GC invocations=52 (full 0):
 garbage-first heap   total 290816K, used 243988K [0x0000000080000000, 0x0000000100000000)
  region size 1024K, 81 young (82944K), 7 survivors (7168K)
 Metaspace       used 122053K, committed 122944K, reserved 1179648K
  class space    used 16354K, committed 16832K, reserved 1048576K
}
Event: 36.326 GC heap after
{Heap after GC invocations=53 (full 0):
 garbage-first heap   total 290816K, used 178935K [0x0000000080000000, 0x0000000100000000)
  region size 1024K, 11 young (11264K), 11 survivors (11264K)
 Metaspace       used 122053K, committed 122944K, reserved 1179648K
  class space    used 16354K, committed 16832K, reserved 1048576K
}
Event: 36.706 GC heap before
{Heap before GC invocations=53 (full 0):
 garbage-first heap   total 290816K, used 242422K [0x0000000080000000, 0x0000000100000000)
  region size 1024K, 74 young (75776K), 11 survivors (11264K)
 Metaspace       used 124232K, committed 125056K, reserved 1179648K
  class space    used 16711K, committed 17152K, reserved 1048576K
}
Event: 36.726 GC heap after
{Heap after GC invocations=54 (full 0):
 garbage-first heap   total 290816K, used 190529K [0x0000000080000000, 0x0000000100000000)
  region size 1024K, 10 young (10240K), 10 survivors (10240K)
 Metaspace       used 124232K, committed 125056K, reserved 1179648K
  class space    used 16711K, committed 17152K, reserved 1048576K
}
Event: 37.000 GC heap before
{Heap before GC invocations=54 (full 0):
 garbage-first heap   total 290816K, used 241729K [0x0000000080000000, 0x0000000100000000)
  region size 1024K, 61 young (62464K), 10 survivors (10240K)
 Metaspace       used 126317K, committed 127168K, reserved 1179648K
  class space    used 17016K, committed 17472K, reserved 1048576K
}
Event: 37.019 GC heap after
{Heap after GC invocations=55 (full 0):
 garbage-first heap   total 290816K, used 199275K [0x0000000080000000, 0x0000000100000000)
  region size 1024K, 8 young (8192K), 8 survivors (8192K)
 Metaspace       used 126317K, committed 127168K, reserved 1179648K
  class space    used 17016K, committed 17472K, reserved 1048576K
}
Event: 37.250 GC heap before
{Heap before GC invocations=55 (full 0):
 garbage-first heap   total 290816K, used 244331K [0x0000000080000000, 0x0000000100000000)
  region size 1024K, 53 young (54272K), 8 survivors (8192K)
 Metaspace       used 127597K, committed 128448K, reserved 1179648K
  class space    used 17292K, committed 17728K, reserved 1048576K
}
Event: 37.266 GC heap after
{Heap after GC invocations=56 (full 0):
 garbage-first heap   total 290816K, used 206554K [0x0000000080000000, 0x0000000100000000)
  region size 1024K, 7 young (7168K), 7 survivors (7168K)
 Metaspace       used 127597K, committed 128448K, reserved 1179648K
  class space    used 17292K, committed 17728K, reserved 1048576K
}

