# JRE version: OpenJDK Runtime Environment (17.0.7) (build 17.0.7+0-b2043.56-10550314)
# Java VM: OpenJDK 64-Bit Server VM (17.0.7+0-b2043.56-10550314, mixed mode, tiered, compressed oops, compressed class ptrs, g1 gc, windows-amd64)
GC Precious Log:
 CPUs: 8 total, 8 available
 Memory: 16219M
 Large Page Support: Disabled
 NUMA Support: Disabled
 Compressed Oops: Enabled (32-bit)
 Heap Region Size: 1M
 Heap Min Capacity: 8M
 Heap Initial Capacity: 254M
 Heap Max Capacity: 2G
 Pre-touch: Disabled
 Parallel Workers: 8
 Concurrent Workers: 2
 Concurrent Refinement Workers: 8
 Periodic GC: Disabled
Heap:
 garbage-first heap   total 363520K, used 298016K [0x0000000080000000, 0x0000000100000000)
  region size 1024K, 29 young (29696K), 3 survivors (3072K)
 Metaspace       used 132780K, committed 134144K, reserved 1179648K
  class space    used 17778K, committed 18432K, reserved 1048576K
GC Heap History (20 events):
Event: 74.586 GC heap before
{Heap before GC invocations=62 (full 0):
 garbage-first heap   total 363520K, used 294253K [0x0000000080000000, 0x0000000100000000)
  region size 1024K, 94 young (96256K), 13 survivors (13312K)
 Metaspace       used 122043K, committed 123072K, reserved 1179648K
  class space    used 16438K, committed 16960K, reserved 1048576K
}
Event: 74.601 GC heap after
{Heap after GC invocations=63 (full 0):
 garbage-first heap   total 363520K, used 217832K [0x0000000080000000, 0x0000000100000000)
  region size 1024K, 7 young (7168K), 7 survivors (7168K)
 Metaspace       used 122043K, committed 123072K, reserved 1179648K
  class space    used 16438K, committed 16960K, reserved 1048576K
}
Event: 1422.944 GC heap before
{Heap before GC invocations=63 (full 0):
 garbage-first heap   total 363520K, used 297704K [0x0000000080000000, 0x0000000100000000)
  region size 1024K, 86 young (88064K), 7 survivors (7168K)
 Metaspace       used 125097K, committed 126208K, reserved 1179648K
  class space    used 16831K, committed 17408K, reserved 1048576K
}
Event: 1422.955 GC heap after
{Heap after GC invocations=64 (full 0):
 garbage-first heap   total 363520K, used 222071K [0x0000000080000000, 0x0000000100000000)
  region size 1024K, 5 young (5120K), 5 survivors (5120K)
 Metaspace       used 125097K, committed 126208K, reserved 1179648K
  class space    used 16831K, committed 17408K, reserved 1048576K
}
Event: 1424.128 GC heap before
{Heap before GC invocations=64 (full 0):
 garbage-first heap   total 363520K, used 300919K [0x0000000080000000, 0x0000000100000000)
  region size 1024K, 83 young (84992K), 5 survivors (5120K)
 Metaspace       used 127026K, committed 128192K, reserved 1179648K
  class space    used 17072K, committed 17664K, reserved 1048576K
}
Event: 1424.143 GC heap after
{Heap after GC invocations=65 (full 0):
 garbage-first heap   total 363520K, used 230072K [0x0000000080000000, 0x0000000100000000)
  region size 1024K, 11 young (11264K), 11 survivors (11264K)
 Metaspace       used 127026K, committed 128192K, reserved 1179648K
  class space    used 17072K, committed 17664K, reserved 1048576K
}
Event: 1426.145 GC heap before
{Heap before GC invocations=65 (full 0):
 garbage-first heap   total 363520K, used 302776K [0x0000000080000000, 0x0000000100000000)
  region size 1024K, 83 young (84992K), 11 survivors (11264K)
 Metaspace       used 128001K, committed 129216K, reserved 1179648K
  class space    used 17217K, committed 17792K, reserved 1048576K
}
Event: 1426.167 GC heap after
{Heap after GC invocations=66 (full 0):
 garbage-first heap   total 363520K, used 241312K [0x0000000080000000, 0x0000000100000000)
  region size 1024K, 11 young (11264K), 11 survivors (11264K)
 Metaspace       used 128001K, committed 129216K, reserved 1179648K
  class space    used 17217K, committed 17792K, reserved 1048576K
}
Event: 1442.053 GC heap before
{Heap before GC invocations=66 (full 0):
 garbage-first heap   total 363520K, used 303776K [0x0000000080000000, 0x0000000100000000)
  region size 1024K, 73 young (74752K), 11 survivors (11264K)
 Metaspace       used 128895K, committed 130112K, reserved 1179648K
  class space    used 17348K, committed 17984K, reserved 1048576K
}
Event: 1442.067 GC heap after
{Heap after GC invocations=67 (full 0):
 garbage-first heap   total 363520K, used 246661K [0x0000000080000000, 0x0000000100000000)
  region size 1024K, 6 young (6144K), 6 survivors (6144K)
 Metaspace       used 128895K, committed 130112K, reserved 1179648K
  class space    used 17348K, committed 17984K, reserved 1048576K
}
Event: 1443.240 GC heap before
{Heap before GC invocations=67 (full 0):
 garbage-first heap   total 363520K, used 306053K [0x0000000080000000, 0x0000000100000000)
  region size 1024K, 65 young (66560K), 6 survivors (6144K)
 Metaspace       used 129191K, committed 130432K, reserved 1179648K
  class space    used 17356K, committed 17984K, reserved 1048576K
}
Event: 1443.254 GC heap after
{Heap after GC invocations=68 (full 0):
 garbage-first heap   total 363520K, used 252396K [0x0000000080000000, 0x0000000100000000)
  region size 1024K, 9 young (9216K), 9 survivors (9216K)
 Metaspace       used 129191K, committed 130432K, reserved 1179648K
  class space    used 17356K, committed 17984K, reserved 1048576K
}
Event: 1457.277 GC heap before
{Heap before GC invocations=68 (full 0):
 garbage-first heap   total 363520K, used 307692K [0x0000000080000000, 0x0000000100000000)
  region size 1024K, 64 young (65536K), 9 survivors (9216K)
 Metaspace       used 130150K, committed 131392K, reserved 1179648K
  class space    used 17469K, committed 18112K, reserved 1048576K
}
Event: 1457.291 GC heap after
{Heap after GC invocations=69 (full 0):
 garbage-first heap   total 363520K, used 258199K [0x0000000080000000, 0x0000000100000000)
  region size 1024K, 6 young (6144K), 6 survivors (6144K)
 Metaspace       used 130150K, committed 131392K, reserved 1179648K
  class space    used 17469K, committed 18112K, reserved 1048576K
}
Event: 1458.043 GC heap before
{Heap before GC invocations=69 (full 0):
 garbage-first heap   total 363520K, used 308375K [0x0000000080000000, 0x0000000100000000)
  region size 1024K, 56 young (57344K), 6 survivors (6144K)
 Metaspace       used 132079K, committed 133376K, reserved 1179648K
  class space    used 17716K, committed 18368K, reserved 1048576K
}
Event: 1458.054 GC heap after
{Heap after GC invocations=70 (full 0):
 garbage-first heap   total 363520K, used 263346K [0x0000000080000000, 0x0000000100000000)
  region size 1024K, 5 young (5120K), 5 survivors (5120K)
 Metaspace       used 132079K, committed 133376K, reserved 1179648K
  class space    used 17716K, committed 18368K, reserved 1048576K
}
Event: 1458.523 GC heap before
{Heap before GC invocations=70 (full 0):
 garbage-first heap   total 363520K, used 310450K [0x0000000080000000, 0x0000000100000000)
  region size 1024K, 52 young (53248K), 5 survivors (5120K)
 Metaspace       used 132250K, committed 133568K, reserved 1179648K
  class space    used 17717K, committed 18368K, reserved 1048576K
}
Event: 1458.535 GC heap after
{Heap after GC invocations=71 (full 0):
 garbage-first heap   total 363520K, used 270186K [0x0000000080000000, 0x0000000100000000)
  region size 1024K, 7 young (7168K), 7 survivors (7168K)
 Metaspace       used 132250K, committed 133568K, reserved 1179648K
  class space    used 17717K, committed 18368K, reserved 1048576K
}
Event: 1465.171 GC heap before
{Heap before GC invocations=71 (full 0):
 garbage-first heap   total 363520K, used 312170K [0x0000000080000000, 0x0000000100000000)
  region size 1024K, 48 young (49152K), 7 survivors (7168K)
 Metaspace       used 132770K, committed 134144K, reserved 1179648K
  class space    used 17778K, committed 18432K, reserved 1048576K
}
Event: 1465.179 GC heap after
{Heap after GC invocations=72 (full 0):
 garbage-first heap   total 363520K, used 272416K [0x0000000080000000, 0x0000000100000000)
  region size 1024K, 3 young (3072K), 3 survivors (3072K)
 Metaspace       used 132770K, committed 134144K, reserved 1179648K
  class space    used 17778K, committed 18432K, reserved 1048576K
}

